app/build/outputs/logs/manifest-merger-debug-report.txt
-- Merging decision tree log ---
manifest
ADDED from src\main\AndroidManifest.xml:2:1-62:12
	package
		ADDED from src\main\AndroidManifest.xml:3:5-31
		INJECTED from src\main\AndroidManifest.xml
		INJECTED from src\main\AndroidManifest.xml
	android:versionName
		INJECTED from src\main\AndroidManifest.xml
		INJECTED from src\main\AndroidManifest.xml
	xmlns:android
		ADDED from src\main\AndroidManifest.xml:2:11-69
	android:versionCode
		INJECTED from src\main\AndroidManifest.xml
		INJECTED from src\main\AndroidManifest.xml
uses-permission#android.permission.GET_ACCOUNTS
ADDED from src\main\AndroidManifest.xml:6:5-71
	android:name
		ADDED from src\main\AndroidManifest.xml:6:22-68
uses-permission#android.permission.READ_PROFILE
ADDED from src\main\AndroidManifest.xml:7:5-71
	android:name
		ADDED from src\main\AndroidManifest.xml:7:22-68
uses-permission#android.permission.READ_CONTACTS
ADDED from src\main\AndroidManifest.xml:8:5-72
	android:name
		ADDED from src\main\AndroidManifest.xml:8:22-69
uses-permission#android.permission.GET_TASKS
ADDED from src\main\AndroidManifest.xml:9:5-68
MERGED from [com.droi.sdk:analytics:1.0.018] AndroidManifest.xml:12:5-68
MERGED from [com.tencent.xinge:xinge:3.1.012345-alpha] AndroidManifest.xml:27:5-68
	android:name
		ADDED from src\main\AndroidManifest.xml:9:22-65
application
ADDED from src\main\AndroidManifest.xml:11:5-60:19
MERGED from [com.android.support.constraint:constraint-layout:1.0.2] AndroidManifest.xml:9:5-20
MERGED from [com.qihoo360.replugin:replugin-host-lib:2.1.5] AndroidManifest.xml:24:5-242:19
MERGED from [com.scwang.smartrefresh:SmartRefreshHeader:1.0.2-alpha-7] AndroidManifest.xml:11:5-15:19
MERGED from [com.scwang.smartrefresh:SmartRefreshLayout:1.0.2-alpha-7] AndroidManifest.xml:11:5-15:19
MERGED from [com.android.support:cardview-v7:26.0.0-alpha1] AndroidManifest.xml:26:5-20
MERGED from [com.abrahamcaijin.commonutil:CommonUtil:1.0.2] AndroidManifest.xml:11:5-16:19
MERGED from [com.android.support:design:26.0.0-alpha1] AndroidManifest.xml:29:5-20
MERGED from [com.android.support:transition:26.0.0-alpha1] AndroidManifest.xml:26:5-20
MERGED from [com.tencent.bugly:crashreport_upgrade:1.3.1] AndroidManifest.xml:19:5-54:19
MERGED from [com.tencent.xinge:xinge:3.1.012345-alpha] AndroidManifest.xml:32:5-119:19
MERGED from [com.android.support:appcompat-v7:26.0.0-alpha1] AndroidManifest.xml:29:5-20
MERGED from [com.android.support:support-v4:26.0.0-alpha1] AndroidManifest.xml:29:5-20
MERGED from [com.android.support:support-media-compat:26.0.0-alpha1] AndroidManifest.xml:29:5-20
MERGED from [com.android.support:support-fragment:26.0.0-alpha1] AndroidManifest.xml:29:5-20
MERGED from [com.android.support:support-core-ui:26.0.0-alpha1] AndroidManifest.xml:29:5-20
MERGED from [com.android.support:support-core-utils:26.0.0-alpha1] AndroidManifest.xml:29:5-20
MERGED from [com.android.support:animated-vector-drawable:26.0.0-alpha1] AndroidManifest.xml:26:5-20
MERGED from [com.android.support:support-vector-drawable:26.0.0-alpha1] AndroidManifest.xml:26:5-20
MERGED from [com.android.support:support-compat:26.0.0-alpha1] AndroidManifest.xml:29:5-20
MERGED from [com.tencent.mid:mid:3.722-alpha-test] AndroidManifest.xml:11:5-17:19
	android:label
		ADDED from src\main\AndroidManifest.xml:15:9-41
	android:supportsRtl
		ADDED from src\main\AndroidManifest.xml:17:9-35
	android:roundIcon
		ADDED from src\main\AndroidManifest.xml:16:9-54
	android:allowBackup
		ADDED from src\main\AndroidManifest.xml:13:9-35
	android:icon
		ADDED from src\main\AndroidManifest.xml:14:9-43
	android:theme
		ADDED from src\main\AndroidManifest.xml:18:9-40
	android:name
		ADDED from src\main\AndroidManifest.xml:12:9-42
activity#com.lx.dailypush.ui.SplashActivity
ADDED from src\main\AndroidManifest.xml:19:9-28:20
	android:screenOrientation
		ADDED from src\main\AndroidManifest.xml:21:13-49
	android:theme
		ADDED from src\main\AndroidManifest.xml:22:13-59
	android:name
		ADDED from src\main\AndroidManifest.xml:20:13-46
intent-filter#android.intent.action.MAIN+android.intent.category.LAUNCHER
ADDED from src\main\AndroidManifest.xml:23:13-27:29
action#android.intent.action.MAIN
ADDED from src\main\AndroidManifest.xml:24:17-69
	android:name
		ADDED from src\main\AndroidManifest.xml:24:25-66
category#android.intent.category.LAUNCHER
ADDED from src\main\AndroidManifest.xml:26:17-77
	android:name
		ADDED from src\main\AndroidManifest.xml:26:27-74
activity#com.lx.dailypush.ui.MainActivity
ADDED from src\main\AndroidManifest.xml:29:9-32:47
	android:label
		ADDED from src\main\AndroidManifest.xml:31:13-45
	android:theme
		ADDED from src\main\AndroidManifest.xml:32:13-44
	android:name
		ADDED from src\main\AndroidManifest.xml:30:13-44
activity#com.lx.dailypush.ui.AboutActivity
ADDED from src\main\AndroidManifest.xml:33:9-36:47
	android:label
		ADDED from src\main\AndroidManifest.xml:35:13-45
	android:theme
		ADDED from src\main\AndroidManifest.xml:36:13-44
	android:name
		ADDED from src\main\AndroidManifest.xml:34:13-45
receiver#com.lx.dailypush.utils.MyReceiver
ADDED from src\main\AndroidManifest.xml:38:9-42:20
	android:name
		ADDED from src\main\AndroidManifest.xml:38:19-51
intent-filter#plugintohost
ADDED from src\main\AndroidManifest.xml:39:13-41:29
action#plugintohost
ADDED from src\main\AndroidManifest.xml:40:17-55
	android:name
		ADDED from src\main\AndroidManifest.xml:40:25-52
meta-data#com.droi.sdk.application_id
ADDED from src\main\AndroidManifest.xml:44:9-46:72
	android:value
		ADDED from src\main\AndroidManifest.xml:46:13-69
	android:name
		ADDED from src\main\AndroidManifest.xml:45:13-55
meta-data#com.droi.sdk.channel_name
ADDED from src\main\AndroidManifest.xml:48:9-50:41
	android:value
		ADDED from src\main\AndroidManifest.xml:50:13-38
	android:name
		ADDED from src\main\AndroidManifest.xml:49:13-53
activity#com.lx.dailypush.ui.DetailActivity
ADDED from src\main\AndroidManifest.xml:52:9-55:47
	android:label
		ADDED from src\main\AndroidManifest.xml:54:13-58
	android:theme
		ADDED from src\main\AndroidManifest.xml:55:13-44
	android:name
		ADDED from src\main\AndroidManifest.xml:53:13-46
activity#com.lx.dailypush.ui.DetailWebActivity
ADDED from src\main\AndroidManifest.xml:56:9-59:56
	android:label
		ADDED from src\main\AndroidManifest.xml:58:13-62
	android:theme
		ADDED from src\main\AndroidManifest.xml:59:13-44
	android:name
		ADDED from src\main\AndroidManifest.xml:57:13-49
uses-sdk
INJECTED from src\main\AndroidManifest.xml reason: use-sdk injection requested
MERGED from [com.android.support.constraint:constraint-layout:1.0.2] AndroidManifest.xml:5:5-7:41
MERGED from [com.qihoo360.replugin:replugin-host-lib:2.1.5] AndroidManifest.xml:20:5-22:41
MERGED from [com.droi.sdk:Core:1.1.3893] AndroidManifest.xml:14:5-16:41
MERGED from [com.droi.sdk:analytics:1.0.018] AndroidManifest.xml:5:5-7:41
MERGED from [com.github.CymChad:BaseRecyclerViewAdapterHelper:2.9.25] AndroidManifest.xml:7:5-9:41
MERGED from [com.scwang.smartrefresh:SmartRefreshHeader:1.0.2-alpha-7] AndroidManifest.xml:7:5-9:41
MERGED from [com.scwang.smartrefresh:SmartRefreshLayout:1.0.2-alpha-7] AndroidManifest.xml:7:5-9:41
MERGED from [com.android.support:cardview-v7:26.0.0-alpha1] AndroidManifest.xml:20:5-44
MERGED from [com.youth.banner:banner:1.4.9] AndroidManifest.xml:7:5-9:41
MERGED from [com.abrahamcaijin.commonutil:CommonUtil:1.0.2] AndroidManifest.xml:7:5-9:41
MERGED from [com.android.support:design:26.0.0-alpha1] AndroidManifest.xml:21:5-23:62
MERGED from [com.android.support:recyclerview-v7:26.0.0-alpha1] AndroidManifest.xml:20:5-44
MERGED from [com.android.support:transition:26.0.0-alpha1] AndroidManifest.xml:20:5-44
MERGED from [com.facebook.fresco:fresco:1.3.0] AndroidManifest.xml:5:5-7:41
MERGED from [com.facebook.fresco:drawee:1.3.0] AndroidManifest.xml:5:5-7:41
MERGED from [com.facebook.fresco:imagepipeline:1.3.0] AndroidManifest.xml:5:5-7:41
MERGED from [com.facebook.fresco:imagepipeline-base:1.3.0] AndroidManifest.xml:5:5-7:41
MERGED from [com.facebook.fresco:fbcore:1.3.0] AndroidManifest.xml:5:5-7:41
MERGED from [com.android.support:multidex:1.0.1] AndroidManifest.xml:18:5-42
MERGED from [com.tencent.bugly:crashreport_upgrade:1.3.1] AndroidManifest.xml:6:5-8:41
MERGED from [com.tencent.bugly:nativecrashreport:3.3.0] AndroidManifest.xml:5:5-7:41
MERGED from [com.tencent.xinge:xinge:3.1.012345-alpha] AndroidManifest.xml:7:5-9:41
MERGED from [com.android.support:appcompat-v7:26.0.0-alpha1] AndroidManifest.xml:21:5-23:78
MERGED from [com.android.support:support-v4:26.0.0-alpha1] AndroidManifest.xml:21:5-23:54
MERGED from [com.android.support:support-media-compat:26.0.0-alpha1] AndroidManifest.xml:21:5-23:63
MERGED from [com.android.support:support-fragment:26.0.0-alpha1] AndroidManifest.xml:21:5-23:60
MERGED from [com.android.support:support-core-ui:26.0.0-alpha1] AndroidManifest.xml:21:5-23:58
MERGED from [com.android.support:support-core-utils:26.0.0-alpha1] AndroidManifest.xml:21:5-23:61
MERGED from [com.android.support:animated-vector-drawable:26.0.0-alpha1] AndroidManifest.xml:20:5-44
MERGED from [com.android.support:support-vector-drawable:26.0.0-alpha1] AndroidManifest.xml:20:5-44
MERGED from [com.android.support:support-compat:26.0.0-alpha1] AndroidManifest.xml:21:5-23:58
MERGED from [com.tencent.mid:mid:3.722-alpha-test] AndroidManifest.xml:7:5-9:41
	tools:overrideLibrary
		ADDED from [com.android.support:design:26.0.0-alpha1] AndroidManifest.xml:23:9-59
	android:targetSdkVersion
		INJECTED from src\main\AndroidManifest.xml
		INJECTED from src\main\AndroidManifest.xml
	android:minSdkVersion
		INJECTED from src\main\AndroidManifest.xml
		INJECTED from src\main\AndroidManifest.xml
provider#com.qihoo360.replugin.component.process.ProcessPitProviderPersist
ADDED from [com.qihoo360.replugin:replugin-host-lib:2.1.5] AndroidManifest.xml:35:9-39:47
	android:authorities
		ADDED from [com.qihoo360.replugin:replugin-host-lib:2.1.5] AndroidManifest.xml:37:13-65
	android:process
		ADDED from [com.qihoo360.replugin:replugin-host-lib:2.1.5] AndroidManifest.xml:39:13-44
	android:exported
		ADDED from [com.qihoo360.replugin:replugin-host-lib:2.1.5] AndroidManifest.xml:38:13-37
	android:name
		ADDED from [com.qihoo360.replugin:replugin-host-lib:2.1.5] AndroidManifest.xml:36:13-93
provider#com.qihoo360.replugin.component.process.ProcessPitProviderUI
ADDED from [com.qihoo360.replugin:replugin-host-lib:2.1.5] AndroidManifest.xml:40:9-43:40
	android:authorities
		ADDED from [com.qihoo360.replugin:replugin-host-lib:2.1.5] AndroidManifest.xml:42:13-67
	android:exported
		ADDED from [com.qihoo360.replugin:replugin-host-lib:2.1.5] AndroidManifest.xml:43:13-37
	android:name
		ADDED from [com.qihoo360.replugin:replugin-host-lib:2.1.5] AndroidManifest.xml:41:13-88
provider#${applicationId}.loader.p.ProviderN1
ADDED from [com.qihoo360.replugin:replugin-host-lib:2.1.5] AndroidManifest.xml:44:9-47:40
	android:authorities
		ADDED from [com.qihoo360.replugin:replugin-host-lib:2.1.5] AndroidManifest.xml:46:13-65
	android:exported
		ADDED from [com.qihoo360.replugin:replugin-host-lib:2.1.5] AndroidManifest.xml:47:13-37
	android:name
		ADDED from [com.qihoo360.replugin:replugin-host-lib:2.1.5] AndroidManifest.xml:45:13-64
service#${applicationId}.loader.s.ServiceN1
ADDED from [com.qihoo360.replugin:replugin-host-lib:2.1.5] AndroidManifest.xml:49:9-51:40
	android:exported
		ADDED from [com.qihoo360.replugin:replugin-host-lib:2.1.5] AndroidManifest.xml:51:13-37
	android:name
		ADDED from [com.qihoo360.replugin:replugin-host-lib:2.1.5] AndroidManifest.xml:50:13-63
provider#com.qihoo360.replugin.component.process.ProcessPitProviderLoader0
ADDED from [com.qihoo360.replugin:replugin-host-lib:2.1.5] AndroidManifest.xml:53:9-57:42
	android:authorities
		ADDED from [com.qihoo360.replugin:replugin-host-lib:2.1.5] AndroidManifest.xml:55:13-66
	android:process
		ADDED from [com.qihoo360.replugin:replugin-host-lib:2.1.5] AndroidManifest.xml:57:13-39
	android:exported
		ADDED from [com.qihoo360.replugin:replugin-host-lib:2.1.5] AndroidManifest.xml:56:13-37
	android:name
		ADDED from [com.qihoo360.replugin:replugin-host-lib:2.1.5] AndroidManifest.xml:54:13-93
provider#${applicationId}.loader.p.Provider0
ADDED from [com.qihoo360.replugin:replugin-host-lib:2.1.5] AndroidManifest.xml:58:9-62:42
	android:authorities
		ADDED from [com.qihoo360.replugin:replugin-host-lib:2.1.5] AndroidManifest.xml:60:13-64
	android:process
		ADDED from [com.qihoo360.replugin:replugin-host-lib:2.1.5] AndroidManifest.xml:62:13-39
	android:exported
		ADDED from [com.qihoo360.replugin:replugin-host-lib:2.1.5] AndroidManifest.xml:61:13-37
	android:name
		ADDED from [com.qihoo360.replugin:replugin-host-lib:2.1.5] AndroidManifest.xml:59:13-63
service#${applicationId}.loader.s.Service0
ADDED from [com.qihoo360.replugin:replugin-host-lib:2.1.5] AndroidManifest.xml:64:9-67:42
	android:process
		ADDED from [com.qihoo360.replugin:replugin-host-lib:2.1.5] AndroidManifest.xml:67:13-39
	android:exported
		ADDED from [com.qihoo360.replugin:replugin-host-lib:2.1.5] AndroidManifest.xml:66:13-37
	android:name
		ADDED from [com.qihoo360.replugin:replugin-host-lib:2.1.5] AndroidManifest.xml:65:13-62
activity#${applicationId}.loader.a.Activity0_singleTask1
ADDED from [com.qihoo360.replugin:replugin-host-lib:2.1.5] AndroidManifest.xml:69:9-77:63
	android:process
		ADDED from [com.qihoo360.replugin:replugin-host-lib:2.1.5] AndroidManifest.xml:74:13-39
	android:screenOrientation
		ADDED from [com.qihoo360.replugin:replugin-host-lib:2.1.5] AndroidManifest.xml:75:13-49
	android:launchMode
		ADDED from [com.qihoo360.replugin:replugin-host-lib:2.1.5] AndroidManifest.xml:73:13-44
	android:exported
		ADDED from [com.qihoo360.replugin:replugin-host-lib:2.1.5] AndroidManifest.xml:72:13-37
	android:configChanges
		ADDED from [com.qihoo360.replugin:replugin-host-lib:2.1.5] AndroidManifest.xml:71:13-83
	android:theme
		ADDED from [com.qihoo360.replugin:replugin-host-lib:2.1.5] AndroidManifest.xml:77:13-60
	android:taskAffinity
		ADDED from [com.qihoo360.replugin:replugin-host-lib:2.1.5] AndroidManifest.xml:76:13-44
	android:name
		ADDED from [com.qihoo360.replugin:replugin-host-lib:2.1.5] AndroidManifest.xml:70:13-75
activity#${applicationId}.loader.a.Activity0_singleInstance1
ADDED from [com.qihoo360.replugin:replugin-host-lib:2.1.5] AndroidManifest.xml:78:9-85:63
	android:process
		ADDED from [com.qihoo360.replugin:replugin-host-lib:2.1.5] AndroidManifest.xml:83:13-39
	android:screenOrientation
		ADDED from [com.qihoo360.replugin:replugin-host-lib:2.1.5] AndroidManifest.xml:84:13-49
	android:launchMode
		ADDED from [com.qihoo360.replugin:replugin-host-lib:2.1.5] AndroidManifest.xml:82:13-48
	android:exported
		ADDED from [com.qihoo360.replugin:replugin-host-lib:2.1.5] AndroidManifest.xml:81:13-37
	android:configChanges
		ADDED from [com.qihoo360.replugin:replugin-host-lib:2.1.5] AndroidManifest.xml:80:13-83
	android:theme
		ADDED from [com.qihoo360.replugin:replugin-host-lib:2.1.5] AndroidManifest.xml:85:13-60
	android:name
		ADDED from [com.qihoo360.replugin:replugin-host-lib:2.1.5] AndroidManifest.xml:79:13-79
activity#${applicationId}.loader.a.Activity0_task
ADDED from [com.qihoo360.replugin:replugin-host-lib:2.1.5] AndroidManifest.xml:86:9-92:63
	android:process
		ADDED from [com.qihoo360.replugin:replugin-host-lib:2.1.5] AndroidManifest.xml:90:13-39
	android:screenOrientation
		ADDED from [com.qihoo360.replugin:replugin-host-lib:2.1.5] AndroidManifest.xml:91:13-49
	android:exported
		ADDED from [com.qihoo360.replugin:replugin-host-lib:2.1.5] AndroidManifest.xml:89:13-37
	android:configChanges
		ADDED from [com.qihoo360.replugin:replugin-host-lib:2.1.5] AndroidManifest.xml:88:13-83
	android:theme
		ADDED from [com.qihoo360.replugin:replugin-host-lib:2.1.5] AndroidManifest.xml:92:13-60
	android:name
		ADDED from [com.qihoo360.replugin:replugin-host-lib:2.1.5] AndroidManifest.xml:87:13-68
activity#${applicationId}.loader.a.Activity0_fullscreen
ADDED from [com.qihoo360.replugin:replugin-host-lib:2.1.5] AndroidManifest.xml:93:9-99:74
	android:process
		ADDED from [com.qihoo360.replugin:replugin-host-lib:2.1.5] AndroidManifest.xml:97:13-39
	android:screenOrientation
		ADDED from [com.qihoo360.replugin:replugin-host-lib:2.1.5] AndroidManifest.xml:98:13-49
	android:exported
		ADDED from [com.qihoo360.replugin:replugin-host-lib:2.1.5] AndroidManifest.xml:96:13-37
	android:configChanges
		ADDED from [com.qihoo360.replugin:replugin-host-lib:2.1.5] AndroidManifest.xml:95:13-83
	android:theme
		ADDED from [com.qihoo360.replugin:replugin-host-lib:2.1.5] AndroidManifest.xml:99:13-71
	android:name
		ADDED from [com.qihoo360.replugin:replugin-host-lib:2.1.5] AndroidManifest.xml:94:13-74
activity#${applicationId}.loader.a.Activity0_translucent
ADDED from [com.qihoo360.replugin:replugin-host-lib:2.1.5] AndroidManifest.xml:100:9-106:75
	android:process
		ADDED from [com.qihoo360.replugin:replugin-host-lib:2.1.5] AndroidManifest.xml:104:13-39
	android:screenOrientation
		ADDED from [com.qihoo360.replugin:replugin-host-lib:2.1.5] AndroidManifest.xml:105:13-49
	android:exported
		ADDED from [com.qihoo360.replugin:replugin-host-lib:2.1.5] AndroidManifest.xml:103:13-37
	android:configChanges
		ADDED from [com.qihoo360.replugin:replugin-host-lib:2.1.5] AndroidManifest.xml:102:13-83
	android:theme
		ADDED from [com.qihoo360.replugin:replugin-host-lib:2.1.5] AndroidManifest.xml:106:13-72
	android:name
		ADDED from [com.qihoo360.replugin:replugin-host-lib:2.1.5] AndroidManifest.xml:101:13-75
activity#${applicationId}.loader.a.Activity0_translucent_fullscreen
ADDED from [com.qihoo360.replugin:replugin-host-lib:2.1.5] AndroidManifest.xml:107:9-113:86
	android:process
		ADDED from [com.qihoo360.replugin:replugin-host-lib:2.1.5] AndroidManifest.xml:111:13-39
	android:screenOrientation
		ADDED from [com.qihoo360.replugin:replugin-host-lib:2.1.5] AndroidManifest.xml:112:13-49
	android:exported
		ADDED from [com.qihoo360.replugin:replugin-host-lib:2.1.5] AndroidManifest.xml:110:13-37
	android:configChanges
		ADDED from [com.qihoo360.replugin:replugin-host-lib:2.1.5] AndroidManifest.xml:109:13-83
	android:theme
		ADDED from [com.qihoo360.replugin:replugin-host-lib:2.1.5] AndroidManifest.xml:113:13-83
	android:name
		ADDED from [com.qihoo360.replugin:replugin-host-lib:2.1.5] AndroidManifest.xml:108:13-86
activity#${applicationId}.loader.a.Activity0_dialog
ADDED from [com.qihoo360.replugin:replugin-host-lib:2.1.5] AndroidManifest.xml:114:9-120:59
	android:process
		ADDED from [com.qihoo360.replugin:replugin-host-lib:2.1.5] AndroidManifest.xml:118:13-39
	android:screenOrientation
		ADDED from [com.qihoo360.replugin:replugin-host-lib:2.1.5] AndroidManifest.xml:119:13-49
	android:exported
		ADDED from [com.qihoo360.replugin:replugin-host-lib:2.1.5] AndroidManifest.xml:117:13-37
	android:configChanges
		ADDED from [com.qihoo360.replugin:replugin-host-lib:2.1.5] AndroidManifest.xml:116:13-83
	android:theme
		ADDED from [com.qihoo360.replugin:replugin-host-lib:2.1.5] AndroidManifest.xml:120:13-56
	android:name
		ADDED from [com.qihoo360.replugin:replugin-host-lib:2.1.5] AndroidManifest.xml:115:13-70
activity#${applicationId}.loader.a.Activity0
ADDED from [com.qihoo360.replugin:replugin-host-lib:2.1.5] AndroidManifest.xml:121:9-128:63
	android:process
		ADDED from [com.qihoo360.replugin:replugin-host-lib:2.1.5] AndroidManifest.xml:125:13-39
	android:screenOrientation
		ADDED from [com.qihoo360.replugin:replugin-host-lib:2.1.5] AndroidManifest.xml:126:13-49
	android:exported
		ADDED from [com.qihoo360.replugin:replugin-host-lib:2.1.5] AndroidManifest.xml:124:13-37
	android:configChanges
		ADDED from [com.qihoo360.replugin:replugin-host-lib:2.1.5] AndroidManifest.xml:123:13-83
	android:theme
		ADDED from [com.qihoo360.replugin:replugin-host-lib:2.1.5] AndroidManifest.xml:128:13-60
	android:taskAffinity
		ADDED from [com.qihoo360.replugin:replugin-host-lib:2.1.5] AndroidManifest.xml:127:13-44
	android:name
		ADDED from [com.qihoo360.replugin:replugin-host-lib:2.1.5] AndroidManifest.xml:122:13-63
provider#com.qihoo360.replugin.component.process.ProcessPitProviderLoader1
ADDED from [com.qihoo360.replugin:replugin-host-lib:2.1.5] AndroidManifest.xml:130:9-134:42
	android:authorities
		ADDED from [com.qihoo360.replugin:replugin-host-lib:2.1.5] AndroidManifest.xml:132:13-66
	android:process
		ADDED from [com.qihoo360.replugin:replugin-host-lib:2.1.5] AndroidManifest.xml:134:13-39
	android:exported
		ADDED from [com.qihoo360.replugin:replugin-host-lib:2.1.5] AndroidManifest.xml:133:13-37
	android:name
		ADDED from [com.qihoo360.replugin:replugin-host-lib:2.1.5] AndroidManifest.xml:131:13-93
provider#${applicationId}.loader.p.Provider1
ADDED from [com.qihoo360.replugin:replugin-host-lib:2.1.5] AndroidManifest.xml:135:9-139:42
	android:authorities
		ADDED from [com.qihoo360.replugin:replugin-host-lib:2.1.5] AndroidManifest.xml:137:13-64
	android:process
		ADDED from [com.qihoo360.replugin:replugin-host-lib:2.1.5] AndroidManifest.xml:139:13-39
	android:exported
		ADDED from [com.qihoo360.replugin:replugin-host-lib:2.1.5] AndroidManifest.xml:138:13-37
	android:name
		ADDED from [com.qihoo360.replugin:replugin-host-lib:2.1.5] AndroidManifest.xml:136:13-63
service#${applicationId}.loader.s.Service1
ADDED from [com.qihoo360.replugin:replugin-host-lib:2.1.5] AndroidManifest.xml:141:9-144:42
	android:process
		ADDED from [com.qihoo360.replugin:replugin-host-lib:2.1.5] AndroidManifest.xml:144:13-39
	android:exported
		ADDED from [com.qihoo360.replugin:replugin-host-lib:2.1.5] AndroidManifest.xml:143:13-37
	android:name
		ADDED from [com.qihoo360.replugin:replugin-host-lib:2.1.5] AndroidManifest.xml:142:13-62
activity#${applicationId}.loader.a.Activity1_singleTask1
ADDED from [com.qihoo360.replugin:replugin-host-lib:2.1.5] AndroidManifest.xml:146:9-154:63
	android:process
		ADDED from [com.qihoo360.replugin:replugin-host-lib:2.1.5] AndroidManifest.xml:151:13-39
	android:screenOrientation
		ADDED from [com.qihoo360.replugin:replugin-host-lib:2.1.5] AndroidManifest.xml:152:13-49
	android:launchMode
		ADDED from [com.qihoo360.replugin:replugin-host-lib:2.1.5] AndroidManifest.xml:150:13-44
	android:exported
		ADDED from [com.qihoo360.replugin:replugin-host-lib:2.1.5] AndroidManifest.xml:149:13-37
	android:configChanges
		ADDED from [com.qihoo360.replugin:replugin-host-lib:2.1.5] AndroidManifest.xml:148:13-83
	android:theme
		ADDED from [com.qihoo360.replugin:replugin-host-lib:2.1.5] AndroidManifest.xml:154:13-60
	android:taskAffinity
		ADDED from [com.qihoo360.replugin:replugin-host-lib:2.1.5] AndroidManifest.xml:153:13-44
	android:name
		ADDED from [com.qihoo360.replugin:replugin-host-lib:2.1.5] AndroidManifest.xml:147:13-75
activity#${applicationId}.loader.a.Activity1_singleInstance1
ADDED from [com.qihoo360.replugin:replugin-host-lib:2.1.5] AndroidManifest.xml:155:9-162:63
	android:process
		ADDED from [com.qihoo360.replugin:replugin-host-lib:2.1.5] AndroidManifest.xml:160:13-39
	android:screenOrientation
		ADDED from [com.qihoo360.replugin:replugin-host-lib:2.1.5] AndroidManifest.xml:161:13-49
	android:launchMode
		ADDED from [com.qihoo360.replugin:replugin-host-lib:2.1.5] AndroidManifest.xml:159:13-48
	android:exported
		ADDED from [com.qihoo360.replugin:replugin-host-lib:2.1.5] AndroidManifest.xml:158:13-37
	android:configChanges
		ADDED from [com.qihoo360.replugin:replugin-host-lib:2.1.5] AndroidManifest.xml:157:13-83
	android:theme
		ADDED from [com.qihoo360.replugin:replugin-host-lib:2.1.5] AndroidManifest.xml:162:13-60
	android:name
		ADDED from [com.qihoo360.replugin:replugin-host-lib:2.1.5] AndroidManifest.xml:156:13-79
activity#${applicationId}.loader.a.Activity1_task
ADDED from [com.qihoo360.replugin:replugin-host-lib:2.1.5] AndroidManifest.xml:163:9-169:63
	android:process
		ADDED from [com.qihoo360.replugin:replugin-host-lib:2.1.5] AndroidManifest.xml:167:13-39
	android:screenOrientation
		ADDED from [com.qihoo360.replugin:replugin-host-lib:2.1.5] AndroidManifest.xml:168:13-49
	android:exported
		ADDED from [com.qihoo360.replugin:replugin-host-lib:2.1.5] AndroidManifest.xml:166:13-37
	android:configChanges
		ADDED from [com.qihoo360.replugin:replugin-host-lib:2.1.5] AndroidManifest.xml:165:13-83
	android:theme
		ADDED from [com.qihoo360.replugin:replugin-host-lib:2.1.5] AndroidManifest.xml:169:13-60
	android:name
		ADDED from [com.qihoo360.replugin:replugin-host-lib:2.1.5] AndroidManifest.xml:164:13-68
activity#${applicationId}.loader.a.Activity1_fullscreen
ADDED from [com.qihoo360.replugin:replugin-host-lib:2.1.5] AndroidManifest.xml:170:9-176:74
	android:process
		ADDED from [com.qihoo360.replugin:replugin-host-lib:2.1.5] AndroidManifest.xml:174:13-39
	android:screenOrientation
		ADDED from [com.qihoo360.replugin:replugin-host-lib:2.1.5] AndroidManifest.xml:175:13-49
	android:exported
		ADDED from [com.qihoo360.replugin:replugin-host-lib:2.1.5] AndroidManifest.xml:173:13-37
	android:configChanges
		ADDED from [com.qihoo360.replugin:replugin-host-lib:2.1.5] AndroidManifest.xml:172:13-83
	android:theme
		ADDED from [com.qihoo360.replugin:replugin-host-lib:2.1.5] AndroidManifest.xml:176:13-71
	android:name
		ADDED from [com.qihoo360.replugin:replugin-host-lib:2.1.5] AndroidManifest.xml:171:13-74
activity#${applicationId}.loader.a.Activity1_translucent
ADDED from [com.qihoo360.replugin:replugin-host-lib:2.1.5] AndroidManifest.xml:177:9-183:75
	android:process
		ADDED from [com.qihoo360.replugin:replugin-host-lib:2.1.5] AndroidManifest.xml:181:13-39
	android:screenOrientation
		ADDED from [com.qihoo360.replugin:replugin-host-lib:2.1.5] AndroidManifest.xml:182:13-49
	android:exported
		ADDED from [com.qihoo360.replugin:replugin-host-lib:2.1.5] AndroidManifest.xml:180:13-37
	android:configChanges
		ADDED from [com.qihoo360.replugin:replugin-host-lib:2.1.5] AndroidManifest.xml:179:13-83
	android:theme
		ADDED from [com.qihoo360.replugin:replugin-host-lib:2.1.5] AndroidManifest.xml:183:13-72
	android:name
		ADDED from [com.qihoo360.replugin:replugin-host-lib:2.1.5] AndroidManifest.xml:178:13-75
activity#${applicationId}.loader.a.Activity1_translucent_fullscreen
ADDED from [com.qihoo360.replugin:replugin-host-lib:2.1.5] AndroidManifest.xml:184:9-190:86
	android:process
		ADDED from [com.qihoo360.replugin:replugin-host-lib:2.1.5] AndroidManifest.xml:188:13-39
	android:screenOrientation
		ADDED from [com.qihoo360.replugin:replugin-host-lib:2.1.5] AndroidManifest.xml:189:13-49
	android:exported
		ADDED from [com.qihoo360.replugin:replugin-host-lib:2.1.5] AndroidManifest.xml:187:13-37
	android:configChanges
		ADDED from [com.qihoo360.replugin:replugin-host-lib:2.1.5] AndroidManifest.xml:186:13-83
	android:theme
		ADDED from [com.qihoo360.replugin:replugin-host-lib:2.1.5] AndroidManifest.xml:190:13-83
	android:name
		ADDED from [com.qihoo360.replugin:replugin-host-lib:2.1.5] AndroidManifest.xml:185:13-86
activity#${applicationId}.loader.a.Activity1_dialog
ADDED from [com.qihoo360.replugin:replugin-host-lib:2.1.5] AndroidManifest.xml:191:9-197:59
	android:process
		ADDED from [com.qihoo360.replugin:replugin-host-lib:2.1.5] AndroidManifest.xml:195:13-39
	android:screenOrientation
		ADDED from [com.qihoo360.replugin:replugin-host-lib:2.1.5] AndroidManifest.xml:196:13-49
	android:exported
		ADDED from [com.qihoo360.replugin:replugin-host-lib:2.1.5] AndroidManifest.xml:194:13-37
	android:configChanges
		ADDED from [com.qihoo360.replugin:replugin-host-lib:2.1.5] AndroidManifest.xml:193:13-83
	android:theme
		ADDED from [com.qihoo360.replugin:replugin-host-lib:2.1.5] AndroidManifest.xml:197:13-56
	android:name
		ADDED from [com.qihoo360.replugin:replugin-host-lib:2.1.5] AndroidManifest.xml:192:13-70
activity#${applicationId}.loader.a.Activity1
ADDED from [com.qihoo360.replugin:replugin-host-lib:2.1.5] AndroidManifest.xml:198:9-205:63
	android:process
		ADDED from [com.qihoo360.replugin:replugin-host-lib:2.1.5] AndroidManifest.xml:202:13-39
	android:screenOrientation
		ADDED from [com.qihoo360.replugin:replugin-host-lib:2.1.5] AndroidManifest.xml:203:13-49
	android:exported
		ADDED from [com.qihoo360.replugin:replugin-host-lib:2.1.5] AndroidManifest.xml:201:13-37
	android:configChanges
		ADDED from [com.qihoo360.replugin:replugin-host-lib:2.1.5] AndroidManifest.xml:200:13-83
	android:theme
		ADDED from [com.qihoo360.replugin:replugin-host-lib:2.1.5] AndroidManifest.xml:205:13-60
	android:taskAffinity
		ADDED from [com.qihoo360.replugin:replugin-host-lib:2.1.5] AndroidManifest.xml:204:13-44
	android:name
		ADDED from [com.qihoo360.replugin:replugin-host-lib:2.1.5] AndroidManifest.xml:199:13-63
provider#com.qihoo360.replugin.component.provider.PluginPitProviderUI
ADDED from [com.qihoo360.replugin:replugin-host-lib:2.1.5] AndroidManifest.xml:207:9-210:40
	android:authorities
		ADDED from [com.qihoo360.replugin:replugin-host-lib:2.1.5] AndroidManifest.xml:209:13-65
	android:exported
		ADDED from [com.qihoo360.replugin:replugin-host-lib:2.1.5] AndroidManifest.xml:210:13-37
	android:name
		ADDED from [com.qihoo360.replugin:replugin-host-lib:2.1.5] AndroidManifest.xml:208:13-88
provider#com.qihoo360.replugin.component.provider.PluginPitProviderPersist
ADDED from [com.qihoo360.replugin:replugin-host-lib:2.1.5] AndroidManifest.xml:211:9-215:47
	android:authorities
		ADDED from [com.qihoo360.replugin:replugin-host-lib:2.1.5] AndroidManifest.xml:213:13-65
	android:process
		ADDED from [com.qihoo360.replugin:replugin-host-lib:2.1.5] AndroidManifest.xml:215:13-44
	android:exported
		ADDED from [com.qihoo360.replugin:replugin-host-lib:2.1.5] AndroidManifest.xml:214:13-37
	android:name
		ADDED from [com.qihoo360.replugin:replugin-host-lib:2.1.5] AndroidManifest.xml:212:13-93
service#com.qihoo360.replugin.component.service.server.PluginPitServiceGuard
ADDED from [com.qihoo360.replugin:replugin-host-lib:2.1.5] AndroidManifest.xml:217:9-219:47
	android:process
		ADDED from [com.qihoo360.replugin:replugin-host-lib:2.1.5] AndroidManifest.xml:219:13-44
	android:name